2026-05-16 19:00:18 | INFO | Usuario creado | Nombre: Manuela | ID: 1
2026-05-16 19:00:18 | INFO | [INFO] Inicio de sesión: Manuela
2026-05-16 19:01:37 | INFO | [INFO] Completó trivia con 1000 puntos
2026-05-16 19:07:46 | INFO | [INFO] Completó trivia con 600 puntos
2026-05-17 04:32:53 | INFO | Preguntas cargadas y traducidas | Usuario: Manuela | Total: 10
2026-05-17 04:35:19 | INFO | Preguntas cargadas y traducidas | Usuario: Manuela | Total: 10
2026-05-17 04:38:05 | INFO | Preguntas cargadas y traducidas | Usuario: Manuela | Total: 10
2026-05-17 04:41:08 | INFO | Preguntas cargadas en español | Usuario: Manuela | Total: 10
2026-05-17 04:43:22 | INFO | Preguntas cargadas en español | Usuario: Manuela | Total: 10
2026-05-17 04:47:00 | INFO | Reporte consultado | Período: all
2026-05-17 04:47:17 | INFO | Preguntas cargadas en español | Usuario: Manuela | Total: 10
2026-05-17 04:47:21 | INFO | Reporte consultado | Período: all
2026-05-17 04:47:27 | INFO | Reporte consultado | Período: all
2026-05-17 04:47:30 | INFO | Reporte consultado | Período: week
2026-05-17 04:47:32 | INFO | Reporte consultado | Período: month
2026-05-17 04:47:33 | INFO | Reporte consultado | Período: all
2026-05-17 04:47:59 | INFO | Usuario creado | Nombre: Sofia | ID: 2
2026-05-17 04:47:59 | INFO | Login | Usuario: Sofia
2026-05-17 04:47:59 | INFO | Preguntas cargadas en español | Usuario: Sofia | Total: 10
2026-05-17 04:48:51 | INFO | Preguntas cargadas en español | Usuario: Sofia | Total: 10
2026-05-17 04:49:11 | INFO | Reporte consultado | Período: all
2026-05-17 04:51:29 | INFO | [INFO] Puntaje guardado: 700 (7/10)
2026-05-17 05:01:49 | INFO | Usuario creado | Nombre: Sofia | ID: 1
2026-05-17 05:01:49 | INFO | [INFO] Inicio de sesi?n: Sofia
2026-05-17 05:01:49 | INFO | [INFO] Puntaje guardado: 700 (7/10)
2026-05-17 05:06:07 | INFO | Login | Usuario: Sofia
2026-05-17 05:06:07 | INFO | Preguntas cargadas en español | Usuario: Sofia | Total: 10
2026-05-17 05:07:00 | INFO | [INFO] Puntaje guardado: 700 (7/10)
2026-05-17 19:13:24 | INFO | Reporte consultado | Período: all
2026-05-17 19:14:11 | INFO | Reporte consultado | Período: all
2026-05-17 19:15:39 | INFO | Reporte consultado | Período: all
2026-05-17 19:18:09 | INFO | Reporte consultado | Período: all
2026-05-17 19:19:00 | INFO | Reporte consultado | Período: all
2026-05-17 19:20:51 | INFO | Login | Usuario: Sofia
2026-05-17 19:20:51 | INFO | Preguntas cargadas en español | Usuario: Sofia | Total: 10
2026-05-17 19:21:42 | INFO | [INFO] Puntaje guardado: 700 (7/10)
2026-05-17 19:21:58 | INFO | Reporte consultado | Período: all
2026-05-17 19:22:10 | INFO | Reporte consultado | Período: week
2026-05-17 19:24:22 | INFO | Reporte consultado | Período: week
2026-05-17 19:25:15 | INFO | Login | Usuario: Sofia
2026-05-17 19:25:15 | INFO | Preguntas cargadas en español | Usuario: Sofia | Total: 10
2026-05-17 19:26:07 | INFO | [INFO] Puntaje guardado: 700 (7/10)
2026-05-17 19:31:05 | INFO | Reporte consultado | Período: all
2026-05-17 19:31:12 | INFO | Reporte consultado | Período: week
2026-05-17 19:31:14 | INFO | Reporte consultado | Período: month
2026-05-17 19:31:15 | INFO | Reporte consultado | Período: all
2026-05-17 19:38:19 | INFO | [INFO] Puntaje guardado: 1337 (7/10)
2026-05-17 19:39:54 | INFO | Reporte consultado | Período: all
2026-05-17 19:47:20 | INFO | Usuario creado | Nombre: Paula | ID: 2
2026-05-17 19:47:20 | INFO | Login | Usuario: Paula
2026-05-17 19:47:20 | INFO | Preguntas cargadas en español | Usuario: Paula | Total: 10
2026-05-17 19:48:10 | INFO | [INFO] Puntaje guardado: 1726 (9/10)
